<?xml version="1.0" encoding="UTF-8"?>
<!-- Generated by org.testng.reporters.JUnitReportReporter -->
<testsuite hostname="LAPTOP-B0DFQ8GL" failures="0" tests="1" name="active__TestNG__Coverfox.LogicalProgramBrokenlink" time="0.014" errors="0" timestamp="2024-01-09T23:59:59 IST" skipped="0">
  <testcase classname="active__TestNG__Coverfox.LogicalProgramBrokenlink" name="f" time="0.014"/>
</testsuite> <!-- active__TestNG__Coverfox.LogicalProgramBrokenlink -->
