<?xml version="1.0" encoding="UTF-8"?>
<!-- Generated by org.testng.reporters.JUnitReportReporter -->
<testsuite hostname="LAPTOP-B0DFQ8GL" failures="0" tests="1" name="active__TestNG__Coverfox.Pincode_error_Msg" time="38.462" errors="0" timestamp="2024-01-11T01:26:26 IST" skipped="0">
  <testcase classname="active__TestNG__Coverfox.Pincode_error_Msg" name="Pincode_errormethod" time="38.462">
    <system-out>
      <![CDATA[validating error msg
onTestSuccess Listner works]]>
    </system-out>
  </testcase> <!-- Pincode_errormethod -->
  <system-out>
    <![CDATA[onStart Listner works
opening the browser
onTestSuccess Listner works
opening the browser
Reading the data from excel
validating error msg
onTestSuccess Listner works]]>
  </system-out>
</testsuite> <!-- active__TestNG__Coverfox.Pincode_error_Msg -->
