<?xml version="1.0" encoding="UTF-8"?>
<!-- Generated by org.testng.reporters.JUnitReportReporter -->
<testsuite hostname="LAPTOP-B0DFQ8GL" failures="0" tests="1" name="active__TestNG__Coverfox.Active_CoverFoxTestClass" time="68.046" errors="0" timestamp="2024-01-11T09:07:07 IST" skipped="0">
  <testcase classname="active__TestNG__Coverfox.Active_CoverFoxTestClass" name="s" time="68.046">
    <system-out>
      <![CDATA[onTestSuccess Listner works]]>
    </system-out>
  </testcase> <!-- s -->
  <system-out>
    <![CDATA[onStart Listner works
opening the browser
onTestSuccess Listner works]]>
  </system-out>
</testsuite> <!-- active__TestNG__Coverfox.Active_CoverFoxTestClass -->
